<?xml version="1.0" encoding="UTF-8"?>
<testsuite name="com.yufrolov.vacationcalculator.service.VacationPaycheckServiceTest" tests="4" skipped="0" failures="0" errors="0" timestamp="2022-10-12T07:13:54" hostname="dmitrii-pc" time="0.022">
  <properties/>
  <testcase name="calculateNegativeParamTest()" classname="com.yufrolov.vacationcalculator.service.VacationPaycheckServiceTest" time="0.016"/>
  <testcase name="calculateVacationValidParamsTest()" classname="com.yufrolov.vacationcalculator.service.VacationPaycheckServiceTest" time="0.002"/>
  <testcase name="calculateNullParamTest()" classname="com.yufrolov.vacationcalculator.service.VacationPaycheckServiceTest" time="0.0"/>
  <testcase name="calculateRoundingTest()" classname="com.yufrolov.vacationcalculator.service.VacationPaycheckServiceTest" time="0.001"/>
  <system-out><![CDATA[]]></system-out>
  <system-err><![CDATA[]]></system-err>
</testsuite>
